<?xml version="1.0" encoding="UTF-8"?>
<testng-results skipped="0" failed="0" ignored="0" total="1" passed="1">
  <reporter-output>
  </reporter-output>
  <suite name="Suite" duration-ms="8208" started-at="2020-04-01T03:59:26Z" finished-at="2020-04-01T03:59:34Z">
    <groups>
    </groups>
    <test name="Test" duration-ms="8208" started-at="2020-04-01T03:59:26Z" finished-at="2020-04-01T03:59:34Z">
      <class name="Testcase.LoginApplication">
        <test-method status="PASS" signature="Login()[pri:0, instance:Testcase.LoginApplication@473b46c3]" name="Login" duration-ms="8186" started-at="2020-04-01T03:59:26Z" finished-at="2020-04-01T03:59:34Z">
          <reporter-output>
          </reporter-output>
        </test-method> <!-- Login -->
      </class> <!-- Testcase.LoginApplication -->
    </test> <!-- Test -->
  </suite> <!-- Suite -->
</testng-results>
