<?xml version="1.0" encoding="UTF-8"?>
<testng-results skipped="0" failed="0" ignored="0" total="1" passed="1">
  <reporter-output>
  </reporter-output>
  <suite name="Default suite" duration-ms="7777" started-at="2020-04-01T09:28:34 IST" finished-at="2020-04-01T09:28:42 IST">
    <groups>
    </groups>
    <test name="Default test" duration-ms="7777" started-at="2020-04-01T09:28:34 IST" finished-at="2020-04-01T09:28:42 IST">
      <class name="Testcase.LoginApplication">
        <test-method status="PASS" signature="Login()[pri:0, instance:Testcase.LoginApplication@43814d18]" name="Login" duration-ms="7749" started-at="2020-04-01T09:28:34 IST" finished-at="2020-04-01T09:28:42 IST">
          <reporter-output>
          </reporter-output>
        </test-method> <!-- Login -->
      </class> <!-- Testcase.LoginApplication -->
    </test> <!-- Default test -->
  </suite> <!-- Default suite -->
</testng-results>
